<?xml version="1.0" encoding="UTF-8"?>
<!-- Generated by org.testng.reporters.JUnitReportReporter -->
<testsuite hostname="TDLPHP204" failures="0" tests="1" name="com.cdk.pohFiles.pdfUtil" time="0.093" errors="0" timestamp="2024-01-08T16:32:19 IST" skipped="0">
  <testcase classname="com.cdk.pohFiles.pdfUtil" name="recall" time="0.093"/>
</testsuite> <!-- com.cdk.pohFiles.pdfUtil -->
