<?xml version="1.0" encoding="UTF-8"?>
<!-- Generated by org.testng.reporters.JUnitReportReporter -->
<testsuite hostname="TDLPHP204" failures="0" tests="1" name="poh_eforms_converter.PohVsPdfComparision_V1.highlightDiff" time="0.568" errors="0" timestamp="2024-07-26T15:38:55 IST" skipped="0">
  <testcase classname="poh_eforms_converter.PohVsPdfComparision_V1.highlightDiff" name="testPDFComparison" time="0.568"/>
</testsuite> <!-- poh_eforms_converter.PohVsPdfComparision_V1.highlightDiff -->
